<?xml version="1.0" encoding="UTF-8"?>
<coverage generated="1757542246188" clover="3.2.0">
  <project timestamp="1757542246188" name="All files">
    <metrics statements="20" coveredstatements="20" conditionals="30" coveredconditionals="30" methods="1" coveredmethods="1" elements="51" coveredelements="51" complexity="0" loc="20" ncloc="20" packages="1" files="1" classes="1"/>
    <file name="tarea.ts" path="C:\Respaldo2\Todas las carpetas\tarea6unittest\src\domain\tarea.ts">
      <metrics statements="20" coveredstatements="20" conditionals="30" coveredconditionals="30" methods="1" coveredmethods="1"/>
      <line num="12" count="1" type="stmt"/>
      <line num="14" count="24" type="cond" truecount="4" falsecount="0"/>
      <line num="15" count="2" type="stmt"/>
      <line num="19" count="22" type="cond" truecount="4" falsecount="0"/>
      <line num="20" count="4" type="cond" truecount="4" falsecount="0"/>
      <line num="21" count="2" type="stmt"/>
      <line num="26" count="20" type="cond" truecount="4" falsecount="0"/>
      <line num="28" count="6" type="cond" truecount="4" falsecount="0"/>
      <line num="29" count="4" type="stmt"/>
      <line num="31" count="2" type="stmt"/>
      <line num="33" count="5" type="cond" truecount="4" falsecount="0"/>
      <line num="34" count="3" type="stmt"/>
      <line num="36" count="2" type="stmt"/>
      <line num="38" count="6" type="cond" truecount="4" falsecount="0"/>
      <line num="39" count="3" type="stmt"/>
      <line num="41" count="3" type="stmt"/>
      <line num="43" count="3" type="cond" truecount="2" falsecount="0"/>
      <line num="44" count="2" type="stmt"/>
      <line num="46" count="1" type="stmt"/>
      <line num="49" count="8" type="stmt"/>
    </file>
  </project>
</coverage>
