TN:
SF:src\domain\tarea.ts
FN:12,evaluarSolicitud
FNF:1
FNH:1
FNDA:24,evaluarSolicitud
DA:12,1
DA:14,24
DA:15,2
DA:19,22
DA:20,4
DA:21,2
DA:26,20
DA:28,6
DA:29,4
DA:31,2
DA:33,5
DA:34,3
DA:36,2
DA:38,6
DA:39,3
DA:41,3
DA:43,3
DA:44,2
DA:46,1
DA:49,8
LF:20
LH:20
BRDA:14,0,0,2
BRDA:14,0,1,22
BRDA:14,1,0,24
BRDA:14,1,1,23
BRDA:19,2,0,4
BRDA:19,2,1,18
BRDA:19,3,0,22
BRDA:19,3,1,20
BRDA:20,4,0,2
BRDA:20,4,1,2
BRDA:20,5,0,4
BRDA:20,5,1,2
BRDA:26,6,0,6
BRDA:26,6,1,5
BRDA:26,6,2,6
BRDA:26,6,3,3
BRDA:28,7,0,4
BRDA:28,7,1,2
BRDA:28,8,0,6
BRDA:28,8,1,5
BRDA:33,9,0,3
BRDA:33,9,1,2
BRDA:33,10,0,5
BRDA:33,10,1,4
BRDA:38,11,0,3
BRDA:38,11,1,3
BRDA:38,12,0,6
BRDA:38,12,1,5
BRDA:43,13,0,2
BRDA:43,13,1,1
BRF:30
BRH:30
end_of_record
